<?xml version="1.0" encoding="UTF-8" ?>
<testsuite failures="0" time="0.062" errors="0" skipped="0" tests="1" name="org.zehetner.homeautomation.xbee.HexUploaderTest">
  <properties>
    <property name="java.runtime.name" value="Java(TM) SE Runtime Environment"/>
    <property name="sun.boot.library.path" value="C:\Program Files\Java\jdk1.7.0_03\jre\bin"/>
    <property name="java.vm.version" value="22.1-b02"/>
    <property name="java.vm.vendor" value="Oracle Corporation"/>
    <property name="java.vendor.url" value="http://java.oracle.com/"/>
    <property name="path.separator" value=";"/>
    <property name="java.vm.name" value="Java HotSpot(TM) 64-Bit Server VM"/>
    <property name="file.encoding.pkg" value="sun.io"/>
    <property name="user.script" value=""/>
    <property name="user.country" value="US"/>
    <property name="sun.java.launcher" value="SUN_STANDARD"/>
    <property name="sun.os.patch.level" value="Service Pack 1"/>
    <property name="java.vm.specification.name" value="Java Virtual Machine Specification"/>
    <property name="user.dir" value="C:\projects\house\HexUploader"/>
    <property name="java.runtime.version" value="1.7.0_03-b05"/>
    <property name="java.awt.graphicsenv" value="sun.awt.Win32GraphicsEnvironment"/>
    <property name="basedir" value="C:\projects\house\HexUploader"/>
    <property name="java.endorsed.dirs" value="C:\Program Files\Java\jdk1.7.0_03\jre\lib\endorsed"/>
    <property name="os.arch" value="amd64"/>
    <property name="surefire.real.class.path" value="C:\projects\house\HexUploader\target\surefire\surefirebooter4300868982667146583.jar"/>
    <property name="java.io.tmpdir" value="C:\Users\johnz\AppData\Local\Temp\"/>
    <property name="line.separator" value="
"/>
    <property name="java.vm.specification.vendor" value="Oracle Corporation"/>
    <property name="user.variant" value=""/>
    <property name="os.name" value="Windows 7"/>
    <property name="sun.jnu.encoding" value="Cp1252"/>
    <property name="java.library.path" value="C:\Program Files\Java\jdk1.7.0_03\jre\bin;C:\Windows\Sun\Java\bin;C:\Windows\system32;C:\Windows;C:\Program Files (x86)\JetBrains\IntelliJ IDEA 11.1\bin\..\.\bin;C:\Program Files (x86)\AMD APP\bin\x86_64;C:\Program Files (x86)\AMD APP\bin\x86;C:\Program Files\CollabNet\Subversion Client;C:\Program Files (x86)\AMD APP\bin\x86_64;C:\avrdude_gui;c:\Program Files\Java\jdk1.6.0_26\bin;C:\Program Files (x86)\AMD APP\bin\x86_64;C:\Program Files\RA2HP\;C:\csvn\bin\;C:\csvn\Python25\;C:\Windows\system32;C:\Windows;C:\Windows\System32\Wbem;C:\Windows\System32\WindowsPowerShell\v1.0\;C:\Program Files\ActivIdentity\ActivClient\;C:\Program Files (x86)\ActivIdentity\ActivClient\;c:\apache-maven-3.0.3\bin;C:\Program Files (x86)\ATI Technologies\ATI.ACE\Core-Static;c:\cygwin\Cygwin.bat;C:\Program Files\TortoiseSVN\bin;c:\program files (x86)\jetbrains\intellij idea 11.1\jre\jre\bin;."/>
    <property name="surefire.test.class.path" value="C:\projects\house\HexUploader\target\test-classes;C:\projects\house\HexUploader\target\classes;C:\Users\johnz\.m2\repository\junit\junit\4.9\junit-4.9.jar;C:\Users\johnz\.m2\repository\org\hamcrest\hamcrest-core\1.1\hamcrest-core-1.1.jar;C:\Users\johnz\.m2\repository\log4j\log4j\1.2.16\log4j-1.2.16.jar;C:\Users\johnz\.m2\repository\com\rapplogic\xbee\0.9.Z\xbee-0.9.Z.jar;C:\Users\johnz\.m2\repository\org\rxtx\rxtx\2.2\rxtx-2.2.jar;C:\Users\johnz\.m2\repository\org\apache\commons\commons-io\1.3.2\commons-io-1.3.2.jar;C:\Users\johnz\.m2\repository\commons-collections\commons-collections\2.1.1\commons-collections-2.1.1.jar;"/>
    <property name="java.specification.name" value="Java Platform API Specification"/>
    <property name="java.class.version" value="51.0"/>
    <property name="sun.management.compiler" value="HotSpot 64-Bit Tiered Compilers"/>
    <property name="os.version" value="6.1"/>
    <property name="user.home" value="C:\Users\johnz"/>
    <property name="user.timezone" value=""/>
    <property name="java.awt.printerjob" value="sun.awt.windows.WPrinterJob"/>
    <property name="java.specification.version" value="1.7"/>
    <property name="file.encoding" value="Cp1252"/>
    <property name="user.name" value="johnz"/>
    <property name="java.class.path" value="C:\projects\house\HexUploader\target\test-classes;C:\projects\house\HexUploader\target\classes;C:\Users\johnz\.m2\repository\junit\junit\4.9\junit-4.9.jar;C:\Users\johnz\.m2\repository\org\hamcrest\hamcrest-core\1.1\hamcrest-core-1.1.jar;C:\Users\johnz\.m2\repository\log4j\log4j\1.2.16\log4j-1.2.16.jar;C:\Users\johnz\.m2\repository\com\rapplogic\xbee\0.9.Z\xbee-0.9.Z.jar;C:\Users\johnz\.m2\repository\org\rxtx\rxtx\2.2\rxtx-2.2.jar;C:\Users\johnz\.m2\repository\org\apache\commons\commons-io\1.3.2\commons-io-1.3.2.jar;C:\Users\johnz\.m2\repository\commons-collections\commons-collections\2.1.1\commons-collections-2.1.1.jar;"/>
    <property name="java.vm.specification.version" value="1.7"/>
    <property name="sun.arch.data.model" value="64"/>
    <property name="java.home" value="C:\Program Files\Java\jdk1.7.0_03\jre"/>
    <property name="sun.java.command" value="C:\projects\house\HexUploader\target\surefire\surefirebooter4300868982667146583.jar C:\projects\house\HexUploader\target\surefire\surefire770751735408610908tmp C:\projects\house\HexUploader\target\surefire\surefire8476803155348407527tmp"/>
    <property name="java.specification.vendor" value="Oracle Corporation"/>
    <property name="user.language" value="en"/>
    <property name="awt.toolkit" value="sun.awt.windows.WToolkit"/>
    <property name="java.vm.info" value="mixed mode"/>
    <property name="java.version" value="1.7.0_03"/>
    <property name="java.ext.dirs" value="C:\Program Files\Java\jdk1.7.0_03\jre\lib\ext;C:\Windows\Sun\Java\lib\ext"/>
    <property name="sun.boot.class.path" value="C:\Program Files\Java\jdk1.7.0_03\jre\lib\resources.jar;C:\Program Files\Java\jdk1.7.0_03\jre\lib\rt.jar;C:\Program Files\Java\jdk1.7.0_03\jre\lib\sunrsasign.jar;C:\Program Files\Java\jdk1.7.0_03\jre\lib\jsse.jar;C:\Program Files\Java\jdk1.7.0_03\jre\lib\jce.jar;C:\Program Files\Java\jdk1.7.0_03\jre\lib\charsets.jar;C:\Program Files\Java\jdk1.7.0_03\jre\classes"/>
    <property name="java.vendor" value="Oracle Corporation"/>
    <property name="localRepository" value="C:\Users\johnz\.m2\repository"/>
    <property name="file.separator" value="\"/>
    <property name="java.vendor.url.bug" value="http://bugreport.sun.com/bugreport/"/>
    <property name="sun.cpu.endian" value="little"/>
    <property name="sun.io.unicode.encoding" value="UnicodeLittle"/>
    <property name="sun.desktop" value="windows"/>
    <property name="sun.cpu.isalist" value="amd64"/>
  </properties>
  <testcase time="0.044" classname="org.zehetner.homeautomation.xbee.HexUploaderTest" name="testParse"/>
</testsuite>